<?xml version="1.0" encoding="UTF-8"?>
<!-- Generated by org.testng.reporters.JUnitXMLReporter -->
<testsuite hostname="Mds-MacBook-Pro-2.local" ignored="0" name="Ecommerce Home" tests="3" failures="0" timestamp="17 Sep 2019 22:37:29 GMT" time="24.066" errors="0">
  <testcase name="loginTest" time="2.414" classname="pageobjectstest.LoginPageTest"/>
  <testcase name="loginTest" time="1.914" classname="pageobjectstest.LoginPageTest"/>
  <testcase name="loginTest" time="1.96" classname="pageobjectstest.LoginPageTest"/>
</testsuite> <!-- Ecommerce Home -->
