<?xml version="1.0" encoding="UTF-8"?>
<testng-results skipped="0" failed="0" ignored="0" total="3" passed="3">
  <reporter-output>
    <line>
      <![CDATA[Extent Report Directory/Users/jahidul/IdeaProjects/WebAutomationBatch1902/ecommerce/target/surefire-reports/html]]>
    </line>
    <line>
      <![CDATA[Send Keys to emailBox]]>
    </line>
    <line>
      <![CDATA[Sent keys to emailBox]]>
    </line>
    <line>
      <![CDATA[Send Keys to passwordBox]]>
    </line>
    <line>
      <![CDATA[Sent keys to passwordBox]]>
    </line>
    <line>
      <![CDATA[CLick submitButton]]>
    </line>
    <line>
      <![CDATA[Clicked submitButton]]>
    </line>
    <line>
      <![CDATA[Getting Text from errorMessage]]>
    </line>
    <line>
      <![CDATA[Actual text: There is 1 error]]>
    </line>
    <line>
      <![CDATA[Send Keys to emailBox]]>
    </line>
    <line>
      <![CDATA[Sent keys to emailBox]]>
    </line>
    <line>
      <![CDATA[Send Keys to passwordBox]]>
    </line>
    <line>
      <![CDATA[Sent keys to passwordBox]]>
    </line>
    <line>
      <![CDATA[CLick submitButton]]>
    </line>
    <line>
      <![CDATA[Clicked submitButton]]>
    </line>
    <line>
      <![CDATA[Getting Text from errorMessage]]>
    </line>
    <line>
      <![CDATA[Actual text: There is 1 error]]>
    </line>
    <line>
      <![CDATA[Send Keys to emailBox]]>
    </line>
    <line>
      <![CDATA[Sent keys to emailBox]]>
    </line>
    <line>
      <![CDATA[Send Keys to passwordBox]]>
    </line>
    <line>
      <![CDATA[Sent keys to passwordBox]]>
    </line>
    <line>
      <![CDATA[CLick submitButton]]>
    </line>
    <line>
      <![CDATA[Clicked submitButton]]>
    </line>
    <line>
      <![CDATA[Getting Text from errorMessage]]>
    </line>
    <line>
      <![CDATA[Actual text: There is 1 error]]>
    </line>
  </reporter-output>
  <suite name="AliBaba Automation Test" duration-ms="24066" started-at="2019-09-17T22:37:05Z" finished-at="2019-09-17T22:37:29Z">
    <groups>
    </groups>
    <test name="Ecommerce Home" duration-ms="24066" started-at="2019-09-17T22:37:05Z" finished-at="2019-09-17T22:37:29Z">
      <class name="pageobjectstest.LoginPageTest">
        <test-method status="PASS" signature="extentSetup(org.testng.ITestContext)[pri:0, instance:pageobjectstest.LoginPageTest@3c756e4d]" name="extentSetup" is-config="true" duration-ms="128" started-at="2019-09-17T18:37:05Z" finished-at="2019-09-17T18:37:05Z">
          <params>
            <param index="0">
              <value>
                <![CDATA[org.testng.TestRunner@5aa0dbf4]]>
              </value>
            </param>
          </params>
          <reporter-output>
            <line>
              <![CDATA[Extent Report Directory/Users/jahidul/IdeaProjects/WebAutomationBatch1902/ecommerce/target/surefire-reports/html]]>
            </line>
          </reporter-output>
        </test-method> <!-- extentSetup -->
        <test-method status="PASS" signature="setUp(boolean, java.lang.String, java.lang.String, java.lang.String, java.lang.String, java.lang.String, java.lang.String)[pri:0, instance:pageobjectstest.LoginPageTest@3c756e4d]" name="setUp" is-config="true" duration-ms="5237" started-at="2019-09-17T18:37:05Z" finished-at="2019-09-17T18:37:10Z">
          <params>
            <param index="0">
              <value>
                <![CDATA[false]]>
              </value>
            </param>
            <param index="1">
              <value>
                <![CDATA[browserstack]]>
              </value>
            </param>
            <param index="2">
              <value>
                <![CDATA[mac]]>
              </value>
            </param>
            <param index="3">
              <value>
                <![CDATA[Mojave]]>
              </value>
            </param>
            <param index="4">
              <value>
                <![CDATA[chrome]]>
              </value>
            </param>
            <param index="5">
              <value>
                <![CDATA[76.0]]>
              </value>
            </param>
            <param index="6">
              <value>
                <![CDATA[http://automationpractice.com]]>
              </value>
            </param>
          </params>
          <reporter-output>
          </reporter-output>
        </test-method> <!-- setUp -->
        <test-method status="PASS" signature="startExtent(java.lang.reflect.Method)[pri:0, instance:pageobjectstest.LoginPageTest@3c756e4d]" name="startExtent" is-config="true" duration-ms="4" started-at="2019-09-17T18:37:10Z" finished-at="2019-09-17T18:37:10Z">
          <params>
            <param index="0">
              <value>
                <![CDATA[public void pageobjectstest.LoginPageTest.loginTest(java.lang.String,java.lang.String,java.lang.String)]]>
              </value>
            </param>
          </params>
          <reporter-output>
          </reporter-output>
        </test-method> <!-- startExtent -->
        <test-method status="PASS" signature="initializationOfElements()[pri:0, instance:pageobjectstest.LoginPageTest@3c756e4d]" name="initializationOfElements" is-config="true" duration-ms="17" started-at="2019-09-17T18:37:10Z" finished-at="2019-09-17T18:37:10Z">
          <reporter-output>
          </reporter-output>
        </test-method> <!-- initializationOfElements -->
        <test-method status="PASS" signature="loginTest(java.lang.String, java.lang.String, java.lang.String)[pri:0, instance:pageobjectstest.LoginPageTest@3c756e4d]" name="loginTest" duration-ms="2414" started-at="2019-09-17T18:37:10Z" data-provider="readData" finished-at="2019-09-17T18:37:13Z">
          <params>
            <param index="0">
              <value>
                <![CDATA[jah@gmail.com]]>
              </value>
            </param>
            <param index="1">
              <value>
                <![CDATA[hello]]>
              </value>
            </param>
            <param index="2">
              <value>
                <![CDATA[There is 1 error]]>
              </value>
            </param>
          </params>
          <reporter-output>
            <line>
              <![CDATA[Send Keys to emailBox]]>
            </line>
            <line>
              <![CDATA[Sent keys to emailBox]]>
            </line>
            <line>
              <![CDATA[Send Keys to passwordBox]]>
            </line>
            <line>
              <![CDATA[Sent keys to passwordBox]]>
            </line>
            <line>
              <![CDATA[CLick submitButton]]>
            </line>
            <line>
              <![CDATA[Clicked submitButton]]>
            </line>
            <line>
              <![CDATA[Getting Text from errorMessage]]>
            </line>
            <line>
              <![CDATA[Actual text: There is 1 error]]>
            </line>
          </reporter-output>
        </test-method> <!-- loginTest -->
        <test-method status="PASS" signature="afterEachTestMethod(org.testng.ITestResult)[pri:0, instance:pageobjectstest.LoginPageTest@3c756e4d]" name="afterEachTestMethod" is-config="true" duration-ms="279" started-at="2019-09-17T18:37:13Z" finished-at="2019-09-17T18:37:13Z">
          <params>
            <param index="0">
              <value>
                <![CDATA[[TestResult name=loginTest status=SUCCESS method=LoginPageTest.loginTest(java.lang.String, java.lang.String, java.lang.String)[pri:0, instance:pageobjectstest.LoginPageTest@3c756e4d] output=Send Keys to emailBox]]]>
              </value>
            </param>
          </params>
          <reporter-output>
          </reporter-output>
        </test-method> <!-- afterEachTestMethod -->
        <test-method status="PASS" signature="closeOut()[pri:0, instance:pageobjectstest.LoginPageTest@3c756e4d]" name="closeOut" is-config="true" duration-ms="0" started-at="2019-09-17T18:37:13Z" finished-at="2019-09-17T18:37:13Z">
          <reporter-output>
          </reporter-output>
        </test-method> <!-- closeOut -->
        <test-method status="PASS" signature="setUp(boolean, java.lang.String, java.lang.String, java.lang.String, java.lang.String, java.lang.String, java.lang.String)[pri:0, instance:pageobjectstest.LoginPageTest@3c756e4d]" name="setUp" is-config="true" duration-ms="5348" started-at="2019-09-17T18:37:13Z" finished-at="2019-09-17T18:37:18Z">
          <params>
            <param index="0">
              <value>
                <![CDATA[false]]>
              </value>
            </param>
            <param index="1">
              <value>
                <![CDATA[browserstack]]>
              </value>
            </param>
            <param index="2">
              <value>
                <![CDATA[mac]]>
              </value>
            </param>
            <param index="3">
              <value>
                <![CDATA[Mojave]]>
              </value>
            </param>
            <param index="4">
              <value>
                <![CDATA[chrome]]>
              </value>
            </param>
            <param index="5">
              <value>
                <![CDATA[76.0]]>
              </value>
            </param>
            <param index="6">
              <value>
                <![CDATA[http://automationpractice.com]]>
              </value>
            </param>
          </params>
          <reporter-output>
          </reporter-output>
        </test-method> <!-- setUp -->
        <test-method status="PASS" signature="initializationOfElements()[pri:0, instance:pageobjectstest.LoginPageTest@3c756e4d]" name="initializationOfElements" is-config="true" duration-ms="2" started-at="2019-09-17T18:37:18Z" finished-at="2019-09-17T18:37:18Z">
          <reporter-output>
          </reporter-output>
        </test-method> <!-- initializationOfElements -->
        <test-method status="PASS" signature="startExtent(java.lang.reflect.Method)[pri:0, instance:pageobjectstest.LoginPageTest@3c756e4d]" name="startExtent" is-config="true" duration-ms="0" started-at="2019-09-17T18:37:18Z" finished-at="2019-09-17T18:37:18Z">
          <params>
            <param index="0">
              <value>
                <![CDATA[public void pageobjectstest.LoginPageTest.loginTest(java.lang.String,java.lang.String,java.lang.String)]]>
              </value>
            </param>
          </params>
          <reporter-output>
          </reporter-output>
        </test-method> <!-- startExtent -->
        <test-method status="PASS" signature="loginTest(java.lang.String, java.lang.String, java.lang.String)[pri:0, instance:pageobjectstest.LoginPageTest@3c756e4d]" name="loginTest" duration-ms="1914" started-at="2019-09-17T18:37:18Z" data-provider="readData" finished-at="2019-09-17T18:37:20Z">
          <params>
            <param index="0">
              <value>
                <![CDATA[jggg@gmail.com]]>
              </value>
            </param>
            <param index="1">
              <value>
                <![CDATA[Hi3345]]>
              </value>
            </param>
            <param index="2">
              <value>
                <![CDATA[There is 1 error]]>
              </value>
            </param>
          </params>
          <reporter-output>
            <line>
              <![CDATA[Send Keys to emailBox]]>
            </line>
            <line>
              <![CDATA[Sent keys to emailBox]]>
            </line>
            <line>
              <![CDATA[Send Keys to passwordBox]]>
            </line>
            <line>
              <![CDATA[Sent keys to passwordBox]]>
            </line>
            <line>
              <![CDATA[CLick submitButton]]>
            </line>
            <line>
              <![CDATA[Clicked submitButton]]>
            </line>
            <line>
              <![CDATA[Getting Text from errorMessage]]>
            </line>
            <line>
              <![CDATA[Actual text: There is 1 error]]>
            </line>
          </reporter-output>
        </test-method> <!-- loginTest -->
        <test-method status="PASS" signature="afterEachTestMethod(org.testng.ITestResult)[pri:0, instance:pageobjectstest.LoginPageTest@3c756e4d]" name="afterEachTestMethod" is-config="true" duration-ms="105" started-at="2019-09-17T18:37:20Z" finished-at="2019-09-17T18:37:20Z">
          <params>
            <param index="0">
              <value>
                <![CDATA[[TestResult name=loginTest status=SUCCESS method=LoginPageTest.loginTest(java.lang.String, java.lang.String, java.lang.String)[pri:0, instance:pageobjectstest.LoginPageTest@3c756e4d] output=Send Keys to emailBox]]]>
              </value>
            </param>
          </params>
          <reporter-output>
          </reporter-output>
        </test-method> <!-- afterEachTestMethod -->
        <test-method status="PASS" signature="setUp(boolean, java.lang.String, java.lang.String, java.lang.String, java.lang.String, java.lang.String, java.lang.String)[pri:0, instance:pageobjectstest.LoginPageTest@3c756e4d]" name="setUp" is-config="true" duration-ms="6299" started-at="2019-09-17T18:37:20Z" finished-at="2019-09-17T18:37:27Z">
          <params>
            <param index="0">
              <value>
                <![CDATA[false]]>
              </value>
            </param>
            <param index="1">
              <value>
                <![CDATA[browserstack]]>
              </value>
            </param>
            <param index="2">
              <value>
                <![CDATA[mac]]>
              </value>
            </param>
            <param index="3">
              <value>
                <![CDATA[Mojave]]>
              </value>
            </param>
            <param index="4">
              <value>
                <![CDATA[chrome]]>
              </value>
            </param>
            <param index="5">
              <value>
                <![CDATA[76.0]]>
              </value>
            </param>
            <param index="6">
              <value>
                <![CDATA[http://automationpractice.com]]>
              </value>
            </param>
          </params>
          <reporter-output>
          </reporter-output>
        </test-method> <!-- setUp -->
        <test-method status="PASS" signature="closeOut()[pri:0, instance:pageobjectstest.LoginPageTest@3c756e4d]" name="closeOut" is-config="true" duration-ms="0" started-at="2019-09-17T18:37:20Z" finished-at="2019-09-17T18:37:20Z">
          <reporter-output>
          </reporter-output>
        </test-method> <!-- closeOut -->
        <test-method status="PASS" signature="startExtent(java.lang.reflect.Method)[pri:0, instance:pageobjectstest.LoginPageTest@3c756e4d]" name="startExtent" is-config="true" duration-ms="1" started-at="2019-09-17T18:37:27Z" finished-at="2019-09-17T18:37:27Z">
          <params>
            <param index="0">
              <value>
                <![CDATA[public void pageobjectstest.LoginPageTest.loginTest(java.lang.String,java.lang.String,java.lang.String)]]>
              </value>
            </param>
          </params>
          <reporter-output>
          </reporter-output>
        </test-method> <!-- startExtent -->
        <test-method status="PASS" signature="initializationOfElements()[pri:0, instance:pageobjectstest.LoginPageTest@3c756e4d]" name="initializationOfElements" is-config="true" duration-ms="0" started-at="2019-09-17T18:37:27Z" finished-at="2019-09-17T18:37:27Z">
          <reporter-output>
          </reporter-output>
        </test-method> <!-- initializationOfElements -->
        <test-method status="PASS" signature="loginTest(java.lang.String, java.lang.String, java.lang.String)[pri:0, instance:pageobjectstest.LoginPageTest@3c756e4d]" name="loginTest" duration-ms="1960" started-at="2019-09-17T18:37:27Z" data-provider="readData" finished-at="2019-09-17T18:37:29Z">
          <params>
            <param index="0">
              <value>
                <![CDATA[asdf@gmail.com]]>
              </value>
            </param>
            <param index="1">
              <value>
                <![CDATA[H1234]]>
              </value>
            </param>
            <param index="2">
              <value>
                <![CDATA[There is 1 error]]>
              </value>
            </param>
          </params>
          <reporter-output>
            <line>
              <![CDATA[Send Keys to emailBox]]>
            </line>
            <line>
              <![CDATA[Sent keys to emailBox]]>
            </line>
            <line>
              <![CDATA[Send Keys to passwordBox]]>
            </line>
            <line>
              <![CDATA[Sent keys to passwordBox]]>
            </line>
            <line>
              <![CDATA[CLick submitButton]]>
            </line>
            <line>
              <![CDATA[Clicked submitButton]]>
            </line>
            <line>
              <![CDATA[Getting Text from errorMessage]]>
            </line>
            <line>
              <![CDATA[Actual text: There is 1 error]]>
            </line>
          </reporter-output>
        </test-method> <!-- loginTest -->
        <test-method status="PASS" signature="afterEachTestMethod(org.testng.ITestResult)[pri:0, instance:pageobjectstest.LoginPageTest@3c756e4d]" name="afterEachTestMethod" is-config="true" duration-ms="112" started-at="2019-09-17T18:37:29Z" finished-at="2019-09-17T18:37:29Z">
          <params>
            <param index="0">
              <value>
                <![CDATA[[TestResult name=loginTest status=SUCCESS method=LoginPageTest.loginTest(java.lang.String, java.lang.String, java.lang.String)[pri:0, instance:pageobjectstest.LoginPageTest@3c756e4d] output=Send Keys to emailBox]]]>
              </value>
            </param>
          </params>
          <reporter-output>
          </reporter-output>
        </test-method> <!-- afterEachTestMethod -->
        <test-method status="PASS" signature="closeOut()[pri:0, instance:pageobjectstest.LoginPageTest@3c756e4d]" name="closeOut" is-config="true" duration-ms="0" started-at="2019-09-17T18:37:29Z" finished-at="2019-09-17T18:37:29Z">
          <reporter-output>
          </reporter-output>
        </test-method> <!-- closeOut -->
        <test-method status="PASS" signature="generateReport()[pri:0, instance:pageobjectstest.LoginPageTest@3c756e4d]" name="generateReport" is-config="true" duration-ms="23" started-at="2019-09-17T18:37:29Z" finished-at="2019-09-17T18:37:29Z">
          <reporter-output>
          </reporter-output>
        </test-method> <!-- generateReport -->
      </class> <!-- pageobjectstest.LoginPageTest -->
    </test> <!-- Ecommerce Home -->
  </suite> <!-- AliBaba Automation Test -->
</testng-results>
