<?xml version="1.0" encoding="UTF-8"?>
<testng-results skipped="0" failed="0" ignored="0" total="1" passed="1">
  <reporter-output>
  </reporter-output>
  <suite name="AliBaba Automation Test" duration-ms="7004" started-at="2019-09-10T23:52:23Z" finished-at="2019-09-10T23:52:30Z">
    <groups>
    </groups>
    <test name="Ecommerce Home" duration-ms="7004" started-at="2019-09-10T23:52:23Z" finished-at="2019-09-10T23:52:30Z">
      <class name="pageobjectstest.HomePageTest">
        <test-method status="PASS" signature="setUp(boolean, java.lang.String, java.lang.String, java.lang.String, java.lang.String, java.lang.String, java.lang.String)[pri:0, instance:pageobjectstest.HomePageTest@61dc03ce]" name="setUp" is-config="true" duration-ms="5551" started-at="2019-09-10T19:52:23Z" finished-at="2019-09-10T19:52:29Z">
          <params>
            <param index="0">
              <value>
                <![CDATA[true]]>
              </value>
            </param>
            <param index="1">
              <value>
                <![CDATA[browserstack]]>
              </value>
            </param>
            <param index="2">
              <value>
                <![CDATA[OS X]]>
              </value>
            </param>
            <param index="3">
              <value>
                <![CDATA[Mojave]]>
              </value>
            </param>
            <param index="4">
              <value>
                <![CDATA[chrome]]>
              </value>
            </param>
            <param index="5">
              <value>
                <![CDATA[76.0]]>
              </value>
            </param>
            <param index="6">
              <value>
                <![CDATA[http://automationpractice.com]]>
              </value>
            </param>
          </params>
          <reporter-output>
          </reporter-output>
        </test-method> <!-- setUp -->
        <test-method status="PASS" signature="initElements()[pri:0, instance:pageobjectstest.HomePageTest@61dc03ce]" name="initElements" is-config="true" duration-ms="19" started-at="2019-09-10T19:52:29Z" finished-at="2019-09-10T19:52:29Z">
          <reporter-output>
          </reporter-output>
        </test-method> <!-- initElements -->
        <test-method status="PASS" signature="searchTest()[pri:0, instance:pageobjectstest.HomePageTest@61dc03ce]" name="searchTest" duration-ms="1226" started-at="2019-09-10T19:52:29Z" finished-at="2019-09-10T19:52:30Z">
          <reporter-output>
          </reporter-output>
        </test-method> <!-- searchTest -->
        <test-method status="PASS" signature="closeOut()[pri:0, instance:pageobjectstest.HomePageTest@61dc03ce]" name="closeOut" is-config="true" duration-ms="194" started-at="2019-09-10T19:52:30Z" finished-at="2019-09-10T19:52:30Z">
          <reporter-output>
          </reporter-output>
        </test-method> <!-- closeOut -->
      </class> <!-- pageobjectstest.HomePageTest -->
    </test> <!-- Ecommerce Home -->
  </suite> <!-- AliBaba Automation Test -->
</testng-results>
